The system is: Windows - 10.0.18362 - AMD64
Compiling the C compiler identification source file "CMakeCCompilerId.c" succeeded.
Compiler: C:/Program Files (x86)/Microsoft Visual Studio/VS2019/VC/Tools/MSVC/14.25.28610/bin/Hostx86/x86/cl.exe 
Build flags: 
Id flags:  

The output was:
0
Microsoft (R) Kompilator optymalizujący C/C++, wersja 19.25.28611 dla architektury x86
Copyright (C) Microsoft Corporation. Wszystkie prawa zastrzeżone.

CMakeCCompilerId.c
Microsoft (R) Incremental Linker Version 14.25.28611.0
Copyright (C) Microsoft Corporation.  All rights reserved.

/out:CMakeCCompilerId.exe 
CMakeCCompilerId.obj 


Compilation of the C compiler identification source "CMakeCCompilerId.c" produced "CMakeCCompilerId.exe"

Compilation of the C compiler identification source "CMakeCCompilerId.c" produced "CMakeCCompilerId.obj"

The C compiler identification is MSVC, found in "C:/xampp/htdocs/C-Projects/cmake-build-debug/CMakeFiles/3.15.3/CompilerIdC/CMakeCCompilerId.exe"

Determining if the C compiler works passed with the following output:
Change Dir: C:/xampp/htdocs/C-Projects/cmake-build-debug/CMakeFiles/CMakeTmp

Run Build Command(s):nmake /nologo cmTC_9683c\fast && 	"C:\Program Files (x86)\Microsoft Visual Studio\VS2019\VC\Tools\MSVC\14.25.28610\bin\HostX86\x86\nmake.exe" -f CMakeFiles\cmTC_9683c.dir\build.make /nologo -L                  CMakeFiles\cmTC_9683c.dir\build
Building C object CMakeFiles/cmTC_9683c.dir/testCCompiler.c.obj
	C:\PROGRA~2\MICROS~3\VS2019\VC\Tools\MSVC\1425~1.286\bin\Hostx86\x86\cl.exe @C:\Users\Marcin\AppData\Local\Temp\nm2BE9.tmp
testCCompiler.c
Linking C executable cmTC_9683c.exe
	"C:\Program Files\JetBrains\CLion 2019.2.3\bin\cmake\win\bin\cmake.exe" -E vs_link_exe --intdir=CMakeFiles\cmTC_9683c.dir --rc=C:\PROGRA~2\WI3CF2~1\10\bin\100183~1.0\x86\rc.exe --mt=C:\PROGRA~2\WI3CF2~1\10\bin\100183~1.0\x86\mt.exe --manifests  -- C:\PROGRA~2\MICROS~3\VS2019\VC\Tools\MSVC\1425~1.286\bin\Hostx86\x86\link.exe /nologo @CMakeFiles\cmTC_9683c.dir\objects1.rsp @C:\Users\Marcin\AppData\Local\Temp\nm2CE4.tmp



Detecting C compiler ABI info compiled with the following output:
Change Dir: C:/xampp/htdocs/C-Projects/cmake-build-debug/CMakeFiles/CMakeTmp

Run Build Command(s):nmake /nologo cmTC_5c3ca\fast && 	"C:\Program Files (x86)\Microsoft Visual Studio\VS2019\VC\Tools\MSVC\14.25.28610\bin\HostX86\x86\nmake.exe" -f CMakeFiles\cmTC_5c3ca.dir\build.make /nologo -L                  CMakeFiles\cmTC_5c3ca.dir\build
Building C object CMakeFiles/cmTC_5c3ca.dir/CMakeCCompilerABI.c.obj
	C:\PROGRA~2\MICROS~3\VS2019\VC\Tools\MSVC\1425~1.286\bin\Hostx86\x86\cl.exe @C:\Users\Marcin\AppData\Local\Temp\nm388B.tmp
CMakeCCompilerABI.c
Linking C executable cmTC_5c3ca.exe
	"C:\Program Files\JetBrains\CLion 2019.2.3\bin\cmake\win\bin\cmake.exe" -E vs_link_exe --intdir=CMakeFiles\cmTC_5c3ca.dir --rc=C:\PROGRA~2\WI3CF2~1\10\bin\100183~1.0\x86\rc.exe --mt=C:\PROGRA~2\WI3CF2~1\10\bin\100183~1.0\x86\mt.exe --manifests  -- C:\PROGRA~2\MICROS~3\VS2019\VC\Tools\MSVC\1425~1.286\bin\Hostx86\x86\link.exe /nologo @CMakeFiles\cmTC_5c3ca.dir\objects1.rsp @C:\Users\Marcin\AppData\Local\Temp\nm39B5.tmp



